<?xml version="1.0" encoding="UTF-8"?>
<!-- Generated by org.testng.reporters.JUnitReportReporter -->
<testsuite hostname="LAPTOP-OL3RVMA9" failures="0" tests="1" name="Parallel_Execution.Sample9" time="22.298" errors="0" timestamp="2024-01-02T11:00:59 IST" skipped="0">
  <testcase classname="Parallel_Execution.Sample9" name="Test1" time="22.298"/>
</testsuite> <!-- Parallel_Execution.Sample9 -->
