<?xml version="1.0" encoding="UTF-8"?>
<!-- Generated by org.testng.reporters.JUnitReportReporter -->
<testsuite hostname="LAPTOP-OL3RVMA9" failures="0" tests="1" name="TestNG.TestNG1" time="0.009" errors="0" timestamp="2023-12-31T13:45:21 IST" skipped="0">
  <testcase classname="TestNG.TestNG1" name="TC1" time="0.009">
    <system-out>
      <![CDATA[Manaswini]]>
    </system-out>
  </testcase> <!-- TC1 -->
  <system-out>
    <![CDATA[Manaswini]]>
  </system-out>
</testsuite> <!-- TestNG.TestNG1 -->
