<?xml version="1.0" encoding="UTF-8"?>
<!-- Generated by org.testng.reporters.JUnitReportReporter -->
<testsuite hostname="LAPTOP-OL3RVMA9" failures="0" tests="2" name="TestNG_Flags.Priority3" time="0.013" errors="0" timestamp="2023-12-30T14:19:10 IST" skipped="0">
  <testcase classname="TestNG_Flags.Priority3" name="tc1" time="0.011">
    <system-out>
      <![CDATA[....]]>
    </system-out>
  </testcase> <!-- tc1 -->
  <testcase classname="TestNG_Flags.Priority3" name="tc2" time="0.002">
    <system-out>
      <![CDATA[,,,,]]>
    </system-out>
  </testcase> <!-- tc2 -->
  <system-out>
    <![CDATA[....
,,,,]]>
  </system-out>
</testsuite> <!-- TestNG_Flags.Priority3 -->
