<?xml version="1.0" encoding="UTF-8"?>
<!-- Generated by org.testng.reporters.JUnitReportReporter -->
<testsuite hostname="LAPTOP-OL3RVMA9" failures="0" tests="2" name="Disable_TestCase.Sample3" time="0.013" errors="0" timestamp="2024-01-04T10:17:07 IST" skipped="0">
  <testcase classname="Disable_TestCase.Sample3" name="Test2" time="0.011">
    <system-out>
      <![CDATA[Nishitha]]>
    </system-out>
  </testcase> <!-- Test2 -->
  <testcase classname="Disable_TestCase.Sample3" name="Test3" time="0.002">
    <system-out>
      <![CDATA[Lalith]]>
    </system-out>
  </testcase> <!-- Test3 -->
  <system-out>
    <![CDATA[Nishitha
Lalith]]>
  </system-out>
</testsuite> <!-- Disable_TestCase.Sample3 -->
