<?xml version="1.0" encoding="UTF-8"?>
<!-- Generated by org.testng.reporters.JUnitReportReporter -->
<testsuite hostname="LAPTOP-OL3RVMA9" failures="0" tests="1" name="Annotations.Annotations" time="0.006" errors="0" timestamp="2023-12-20T10:27:42 IST" skipped="0">
  <testcase classname="Annotations.Annotations" name="Test" time="0.006">
    <system-out>
      <![CDATA[Test]]>
    </system-out>
  </testcase> <!-- Test -->
  <system-out>
    <![CDATA[Hii...
Hello...
Welcome
Eclipse
Test
AM
AC
AT
AS]]>
  </system-out>
</testsuite> <!-- Annotations.Annotations -->
