<?xml version="1.0" encoding="UTF-8"?>
<!-- Generated by org.testng.reporters.JUnitReportReporter -->
<testsuite hostname="LAPTOP-OL3RVMA9" failures="0" tests="10" name="TestNG_Flags.Invocation_Count5" time="0.023" errors="0" timestamp="2023-12-30T12:12:31 IST" skipped="0">
  <testcase classname="TestNG_Flags.Invocation_Count5" name="Test" time="0.002">
    <system-out>
      <![CDATA[Lalith Ram]]>
    </system-out>
  </testcase> <!-- Test -->
  <testcase classname="TestNG_Flags.Invocation_Count5" name="Test" time="0.001">
    <system-out>
      <![CDATA[Lalith Ram]]>
    </system-out>
  </testcase> <!-- Test -->
  <testcase classname="TestNG_Flags.Invocation_Count5" name="Test" time="0.001">
    <system-out>
      <![CDATA[Lalith Ram]]>
    </system-out>
  </testcase> <!-- Test -->
  <testcase classname="TestNG_Flags.Invocation_Count5" name="Test" time="0.001">
    <system-out>
      <![CDATA[Lalith Ram]]>
    </system-out>
  </testcase> <!-- Test -->
  <testcase classname="TestNG_Flags.Invocation_Count5" name="Test" time="0.002">
    <system-out>
      <![CDATA[Lalith Ram]]>
    </system-out>
  </testcase> <!-- Test -->
  <testcase classname="TestNG_Flags.Invocation_Count5" name="Test" time="0.002">
    <system-out>
      <![CDATA[Lalith Ram]]>
    </system-out>
  </testcase> <!-- Test -->
  <testcase classname="TestNG_Flags.Invocation_Count5" name="Test" time="0.009">
    <system-out>
      <![CDATA[Lalith Ram]]>
    </system-out>
  </testcase> <!-- Test -->
  <testcase classname="TestNG_Flags.Invocation_Count5" name="Test" time="0.002">
    <system-out>
      <![CDATA[Lalith Ram]]>
    </system-out>
  </testcase> <!-- Test -->
  <testcase classname="TestNG_Flags.Invocation_Count5" name="Test" time="0.002">
    <system-out>
      <![CDATA[Lalith Ram]]>
    </system-out>
  </testcase> <!-- Test -->
  <testcase classname="TestNG_Flags.Invocation_Count5" name="Test" time="0.001">
    <system-out>
      <![CDATA[Lalith Ram]]>
    </system-out>
  </testcase> <!-- Test -->
  <system-out>
    <![CDATA[Lalith Ram
Lalith Ram
Lalith Ram
Lalith Ram
Lalith Ram
Lalith Ram
Lalith Ram
Lalith Ram
Lalith Ram
Lalith Ram]]>
  </system-out>
</testsuite> <!-- TestNG_Flags.Invocation_Count5 -->
