<?xml version="1.0" encoding="UTF-8"?>
<!-- Generated by org.testng.reporters.JUnitReportReporter -->
<testsuite hostname="LAPTOP-OL3RVMA9" failures="0" tests="1" name="TestNG.TestNG4" time="0.010" errors="0" timestamp="2023-12-31T13:48:56 IST" skipped="0">
  <testcase classname="TestNG.TestNG4" name="TC4" time="0.010">
    <system-out>
      <![CDATA[Lalith Ram]]>
    </system-out>
  </testcase> <!-- TC4 -->
  <system-out>
    <![CDATA[Lalith Ram]]>
  </system-out>
</testsuite> <!-- TestNG.TestNG4 -->
