<?xml version="1.0" encoding="UTF-8"?>
<!-- Generated by org.testng.reporters.JUnitReportReporter -->
<testsuite hostname="LAPTOP-OL3RVMA9" failures="0" tests="1" name="TestNG.TestNG2" time="0.012" errors="0" timestamp="2023-12-31T13:46:26 IST" skipped="0">
  <testcase classname="TestNG.TestNG2" name="TC2" time="0.012">
    <system-out>
      <![CDATA[Nitya]]>
    </system-out>
  </testcase> <!-- TC2 -->
  <system-out>
    <![CDATA[Nitya]]>
  </system-out>
</testsuite> <!-- TestNG.TestNG2 -->
