<?xml version="1.0" encoding="UTF-8"?>
<!-- Generated by org.testng.reporters.JUnitReportReporter -->
<testsuite hostname="LAPTOP-OL3RVMA9" failures="0" tests="2" name="Disable_TestCase.Sample1" time="0.011" errors="0" timestamp="2024-01-04T10:08:09 IST" skipped="0">
  <testcase classname="Disable_TestCase.Sample1" name="Case3" time="0.002">
    <system-out>
      <![CDATA[Nitya]]>
    </system-out>
  </testcase> <!-- Case3 -->
  <testcase classname="Disable_TestCase.Sample1" name="Case2" time="0.009">
    <system-out>
      <![CDATA[Manaswini]]>
    </system-out>
  </testcase> <!-- Case2 -->
  <system-out>
    <![CDATA[Manaswini
Nitya]]>
  </system-out>
</testsuite> <!-- Disable_TestCase.Sample1 -->
