<?xml version="1.0" encoding="UTF-8"?>
<!-- Generated by org.testng.reporters.JUnitReportReporter -->
<testsuite hostname="LAPTOP-OL3RVMA9" failures="0" tests="2" name="Disable_TestCase.Sample4" time="0.013" errors="0" timestamp="2024-01-04T10:20:59 IST" skipped="0">
  <testcase classname="Disable_TestCase.Sample4" name="Case2" time="0.002">
    <system-out>
      <![CDATA[NItya]]>
    </system-out>
  </testcase> <!-- Case2 -->
  <testcase classname="Disable_TestCase.Sample4" name="Case1" time="0.011">
    <system-out>
      <![CDATA[Manaswini]]>
    </system-out>
  </testcase> <!-- Case1 -->
  <system-out>
    <![CDATA[Manaswini
NItya]]>
  </system-out>
</testsuite> <!-- Disable_TestCase.Sample4 -->
