<?xml version="1.0" encoding="UTF-8"?>
<!-- Generated by org.testng.reporters.JUnitReportReporter -->
<testsuite hostname="LAPTOP-OL3RVMA9" failures="0" tests="3" name="Batch_Execution.Sample6" time="0.005" errors="0" timestamp="2023-12-31T13:32:21 IST" skipped="0">
  <testcase classname="Batch_Execution.Sample6" name="TC3" time="0.001">
    <system-out>
      <![CDATA[running TC3]]>
    </system-out>
  </testcase> <!-- TC3 -->
  <testcase classname="Batch_Execution.Sample6" name="TC2" time="0.001">
    <system-out>
      <![CDATA[running TC2]]>
    </system-out>
  </testcase> <!-- TC2 -->
  <testcase classname="Batch_Execution.Sample6" name="TC1" time="0.003">
    <system-out>
      <![CDATA[running TC1]]>
    </system-out>
  </testcase> <!-- TC1 -->
  <system-out>
    <![CDATA[running TC1
running TC2
running TC3
running TC1
running TC2
running TC3
running TC1
running TC2
running TC3]]>
  </system-out>
</testsuite> <!-- Batch_Execution.Sample6 -->
