<?xml version="1.0" encoding="UTF-8"?>
<!-- Generated by org.testng.reporters.JUnitReportReporter -->
<testsuite hostname="LAPTOP-OL3RVMA9" failures="0" tests="10" name="TestNG_Flags.Invocation_Count4" time="0.023" errors="0" timestamp="2023-12-30T12:11:26 IST" skipped="0">
  <testcase classname="TestNG_Flags.Invocation_Count4" name="Test" time="0.001">
    <system-out>
      <![CDATA[Nishitha]]>
    </system-out>
  </testcase> <!-- Test -->
  <testcase classname="TestNG_Flags.Invocation_Count4" name="Test" time="0.001">
    <system-out>
      <![CDATA[Nishitha]]>
    </system-out>
  </testcase> <!-- Test -->
  <testcase classname="TestNG_Flags.Invocation_Count4" name="Test" time="0.003">
    <system-out>
      <![CDATA[Nishitha]]>
    </system-out>
  </testcase> <!-- Test -->
  <testcase classname="TestNG_Flags.Invocation_Count4" name="Test" time="0.002">
    <system-out>
      <![CDATA[Nishitha]]>
    </system-out>
  </testcase> <!-- Test -->
  <testcase classname="TestNG_Flags.Invocation_Count4" name="Test" time="0.001">
    <system-out>
      <![CDATA[Nishitha]]>
    </system-out>
  </testcase> <!-- Test -->
  <testcase classname="TestNG_Flags.Invocation_Count4" name="Test" time="0.001">
    <system-out>
      <![CDATA[Nishitha]]>
    </system-out>
  </testcase> <!-- Test -->
  <testcase classname="TestNG_Flags.Invocation_Count4" name="Test" time="0.009">
    <system-out>
      <![CDATA[Nishitha]]>
    </system-out>
  </testcase> <!-- Test -->
  <testcase classname="TestNG_Flags.Invocation_Count4" name="Test" time="0.002">
    <system-out>
      <![CDATA[Nishitha]]>
    </system-out>
  </testcase> <!-- Test -->
  <testcase classname="TestNG_Flags.Invocation_Count4" name="Test" time="0.002">
    <system-out>
      <![CDATA[Nishitha]]>
    </system-out>
  </testcase> <!-- Test -->
  <testcase classname="TestNG_Flags.Invocation_Count4" name="Test" time="0.001">
    <system-out>
      <![CDATA[Nishitha]]>
    </system-out>
  </testcase> <!-- Test -->
  <system-out>
    <![CDATA[Nishitha
Nishitha
Nishitha
Nishitha
Nishitha
Nishitha
Nishitha
Nishitha
Nishitha
Nishitha]]>
  </system-out>
</testsuite> <!-- TestNG_Flags.Invocation_Count4 -->
