<?xml version="1.0" encoding="UTF-8"?>
<!-- Generated by org.testng.reporters.JUnitReportReporter -->
<testsuite hostname="LAPTOP-OL3RVMA9" failures="0" tests="10" name="TestNG_Flags.Invocation_Count3" time="0.020" errors="0" timestamp="2023-12-30T12:10:20 IST" skipped="0">
  <testcase classname="TestNG_Flags.Invocation_Count3" name="Test" time="0.002">
    <system-out>
      <![CDATA[Nitya]]>
    </system-out>
  </testcase> <!-- Test -->
  <testcase classname="TestNG_Flags.Invocation_Count3" name="Test" time="0.002">
    <system-out>
      <![CDATA[Nitya]]>
    </system-out>
  </testcase> <!-- Test -->
  <testcase classname="TestNG_Flags.Invocation_Count3" name="Test" time="0.001">
    <system-out>
      <![CDATA[Nitya]]>
    </system-out>
  </testcase> <!-- Test -->
  <testcase classname="TestNG_Flags.Invocation_Count3" name="Test" time="0.000">
    <system-out>
      <![CDATA[Nitya]]>
    </system-out>
  </testcase> <!-- Test -->
  <testcase classname="TestNG_Flags.Invocation_Count3" name="Test" time="0.002">
    <system-out>
      <![CDATA[Nitya]]>
    </system-out>
  </testcase> <!-- Test -->
  <testcase classname="TestNG_Flags.Invocation_Count3" name="Test" time="0.001">
    <system-out>
      <![CDATA[Nitya]]>
    </system-out>
  </testcase> <!-- Test -->
  <testcase classname="TestNG_Flags.Invocation_Count3" name="Test" time="0.009">
    <system-out>
      <![CDATA[Nitya]]>
    </system-out>
  </testcase> <!-- Test -->
  <testcase classname="TestNG_Flags.Invocation_Count3" name="Test" time="0.001">
    <system-out>
      <![CDATA[Nitya]]>
    </system-out>
  </testcase> <!-- Test -->
  <testcase classname="TestNG_Flags.Invocation_Count3" name="Test" time="0.001">
    <system-out>
      <![CDATA[Nitya]]>
    </system-out>
  </testcase> <!-- Test -->
  <testcase classname="TestNG_Flags.Invocation_Count3" name="Test" time="0.001">
    <system-out>
      <![CDATA[Nitya]]>
    </system-out>
  </testcase> <!-- Test -->
  <system-out>
    <![CDATA[Nitya
Nitya
Nitya
Nitya
Nitya
Nitya
Nitya
Nitya
Nitya
Nitya]]>
  </system-out>
</testsuite> <!-- TestNG_Flags.Invocation_Count3 -->
