<?xml version="1.0" encoding="UTF-8"?>
<!-- Generated by org.testng.reporters.JUnitReportReporter -->
<testsuite hostname="LAPTOP-OL3RVMA9" failures="0" tests="1" name="TestNG_Flags.Time_Outs2" time="0.017" errors="0" timestamp="2023-12-30T14:34:40 IST" skipped="0">
  <testcase classname="TestNG_Flags.Time_Outs2" name="tc" time="0.017">
    <system-out>
      <![CDATA[Nishi]]>
    </system-out>
  </testcase> <!-- tc -->
  <system-out>
    <![CDATA[Nishi]]>
  </system-out>
</testsuite> <!-- TestNG_Flags.Time_Outs2 -->
