<?xml version="1.0" encoding="UTF-8"?>
<!-- Generated by org.testng.reporters.JUnitReportReporter -->
<testsuite hostname="LAPTOP-OL3RVMA9" failures="0" tests="1" name="TestNG.TestNG3" time="0.010" errors="0" timestamp="2023-12-31T13:48:30 IST" skipped="0">
  <testcase classname="TestNG.TestNG3" name="TC3" time="0.010">
    <system-out>
      <![CDATA[Nishitha]]>
    </system-out>
  </testcase> <!-- TC3 -->
  <system-out>
    <![CDATA[Nishitha]]>
  </system-out>
</testsuite> <!-- TestNG.TestNG3 -->
