<?xml version="1.0" encoding="UTF-8"?>
<!-- Generated by org.testng.reporters.JUnitReportReporter -->
<testsuite hostname="LAPTOP-OL3RVMA9" failures="0" tests="1" name="Parallel_Execution.Sample6" time="16.079" errors="0" timestamp="2024-01-02T10:33:11 IST" skipped="0">
  <testcase classname="Parallel_Execution.Sample6" name="Test2" time="16.079"/>
</testsuite> <!-- Parallel_Execution.Sample6 -->
