<?xml version="1.0" encoding="UTF-8"?>
<!-- Generated by org.testng.reporters.JUnitReportReporter -->
<testsuite hostname="LAPTOP-OL3RVMA9" failures="0" tests="10" name="TestNG_Flags.Invocation_Count1" time="0.027" errors="0" timestamp="2023-12-30T12:07:38 IST" skipped="0">
  <testcase classname="TestNG_Flags.Invocation_Count1" name="Test" time="0.003">
    <system-out>
      <![CDATA[Prasanna]]>
    </system-out>
  </testcase> <!-- Test -->
  <testcase classname="TestNG_Flags.Invocation_Count1" name="Test" time="0.001">
    <system-out>
      <![CDATA[Prasanna]]>
    </system-out>
  </testcase> <!-- Test -->
  <testcase classname="TestNG_Flags.Invocation_Count1" name="Test" time="0.001">
    <system-out>
      <![CDATA[Prasanna]]>
    </system-out>
  </testcase> <!-- Test -->
  <testcase classname="TestNG_Flags.Invocation_Count1" name="Test" time="0.002">
    <system-out>
      <![CDATA[Prasanna]]>
    </system-out>
  </testcase> <!-- Test -->
  <testcase classname="TestNG_Flags.Invocation_Count1" name="Test" time="0.002">
    <system-out>
      <![CDATA[Prasanna]]>
    </system-out>
  </testcase> <!-- Test -->
  <testcase classname="TestNG_Flags.Invocation_Count1" name="Test" time="0.002">
    <system-out>
      <![CDATA[Prasanna]]>
    </system-out>
  </testcase> <!-- Test -->
  <testcase classname="TestNG_Flags.Invocation_Count1" name="Test" time="0.010">
    <system-out>
      <![CDATA[Prasanna]]>
    </system-out>
  </testcase> <!-- Test -->
  <testcase classname="TestNG_Flags.Invocation_Count1" name="Test" time="0.002">
    <system-out>
      <![CDATA[Prasanna]]>
    </system-out>
  </testcase> <!-- Test -->
  <testcase classname="TestNG_Flags.Invocation_Count1" name="Test" time="0.002">
    <system-out>
      <![CDATA[Prasanna]]>
    </system-out>
  </testcase> <!-- Test -->
  <testcase classname="TestNG_Flags.Invocation_Count1" name="Test" time="0.002">
    <system-out>
      <![CDATA[Prasanna]]>
    </system-out>
  </testcase> <!-- Test -->
  <system-out>
    <![CDATA[Prasanna
Prasanna
Prasanna
Prasanna
Prasanna
Prasanna
Prasanna
Prasanna
Prasanna
Prasanna]]>
  </system-out>
</testsuite> <!-- TestNG_Flags.Invocation_Count1 -->
