<?xml version="1.0" encoding="UTF-8"?>
<!-- Generated by org.testng.reporters.JUnitReportReporter -->
<testsuite hostname="LAPTOP-OL3RVMA9" failures="0" tests="3" name="BatchExecution.Sample1" time="0.012" errors="0" timestamp="2023-12-29T09:56:35 IST" skipped="0">
  <testcase classname="BatchExecution.Sample1" name="TC3" time="0.001">
    <system-out>
      <![CDATA[running TC3]]>
    </system-out>
  </testcase> <!-- TC3 -->
  <testcase classname="BatchExecution.Sample1" name="TC2" time="0.001">
    <system-out>
      <![CDATA[running TC2]]>
    </system-out>
  </testcase> <!-- TC2 -->
  <testcase classname="BatchExecution.Sample1" name="TC1" time="0.010">
    <system-out>
      <![CDATA[runnning TC1]]>
    </system-out>
  </testcase> <!-- TC1 -->
  <system-out>
    <![CDATA[runnning TC1
running TC2
running TC3
runnning TC1
running TC2
running TC3
runnning TC1
running TC2
running TC3]]>
  </system-out>
</testsuite> <!-- BatchExecution.Sample1 -->
