<?xml version="1.0" encoding="UTF-8"?>
<!-- Generated by org.testng.reporters.JUnitReportReporter -->
<testsuite hostname="LAPTOP-OL3RVMA9" failures="0" tests="2" name="Disable_TestCase.Sample2" time="0.011" errors="0" timestamp="2024-01-04T10:12:27 IST" skipped="0">
  <testcase classname="Disable_TestCase.Sample2" name="TC3" time="0.001">
    <system-out>
      <![CDATA[Kolli Lakshmi Prasanna]]>
    </system-out>
  </testcase> <!-- TC3 -->
  <testcase classname="Disable_TestCase.Sample2" name="TC2" time="0.010">
    <system-out>
      <![CDATA[Lakshmi Prasanna]]>
    </system-out>
  </testcase> <!-- TC2 -->
  <system-out>
    <![CDATA[Lakshmi Prasanna
Kolli Lakshmi Prasanna]]>
  </system-out>
</testsuite> <!-- Disable_TestCase.Sample2 -->
