<?xml version="1.0" encoding="UTF-8"?>
<!-- Generated by org.testng.reporters.JUnitReportReporter -->
<testsuite hostname="LAPTOP-OL3RVMA9" failures="0" tests="3" name="TestNG_Flags.Priority1" time="0.018" errors="0" timestamp="2023-12-30T14:09:08 IST" skipped="0">
  <testcase classname="TestNG_Flags.Priority1" name="Tc2" time="0.014">
    <system-out>
      <![CDATA[Manaswini]]>
    </system-out>
  </testcase> <!-- Tc2 -->
  <testcase classname="TestNG_Flags.Priority1" name="Tc3" time="0.002">
    <system-out>
      <![CDATA[Nitya]]>
    </system-out>
  </testcase> <!-- Tc3 -->
  <testcase classname="TestNG_Flags.Priority1" name="Tc1" time="0.002">
    <system-out>
      <![CDATA[Prasanna]]>
    </system-out>
  </testcase> <!-- Tc1 -->
  <system-out>
    <![CDATA[Manaswini
Nitya
Prasanna]]>
  </system-out>
</testsuite> <!-- TestNG_Flags.Priority1 -->
