<?xml version="1.0" encoding="UTF-8"?>
<!-- Generated by org.testng.reporters.JUnitReportReporter -->
<testsuite hostname="LAPTOP-OL3RVMA9" failures="0" tests="1" name="TestNG.Annotaions_flow" time="0.008" errors="0" timestamp="2023-12-20T09:57:43 IST" skipped="0">
  <testcase classname="TestNG.Annotaions_flow" name="TC" time="0.008">
    <system-out>
      <![CDATA[Running TC1]]>
    </system-out>
  </testcase> <!-- TC -->
  <system-out>
    <![CDATA[ Before Suite
Before Class
Before Method
Running TC1
after method
after class
After Suite]]>
  </system-out>
</testsuite> <!-- TestNG.Annotaions_flow -->
