<?xml version="1.0" encoding="UTF-8"?>
<!-- Generated by org.testng.reporters.JUnitReportReporter -->
<testsuite hostname="LAPTOP-OL3RVMA9" failures="0" tests="1" name="Annotations.Annotations3" time="0.009" errors="0" timestamp="2023-12-30T12:30:51 IST" skipped="0">
  <testcase classname="Annotations.Annotations3" name="Test" time="0.009">
    <system-out>
      <![CDATA[Heee...]]>
    </system-out>
  </testcase> <!-- Test -->
  <system-out>
    <![CDATA[Hi....
Hello....
Hey....
Hoooo....
Heee...
ho...
HaHa..
HeHe...
HoHo...]]>
  </system-out>
</testsuite> <!-- Annotations.Annotations3 -->
