<?xml version="1.0" encoding="UTF-8"?>
<!-- Generated by org.testng.reporters.JUnitReportReporter -->
<testsuite hostname="LAPTOP-OL3RVMA9" failures="0" tests="3" name="TestNG_Flags.DependsonMethods4" time="0.012" errors="0" timestamp="2023-12-30T13:54:51 IST" skipped="0">
  <testcase classname="TestNG_Flags.DependsonMethods4" name="Login2" time="0.001">
    <system-out>
      <![CDATA[Lalith Ram]]>
    </system-out>
  </testcase> <!-- Login2 -->
  <testcase classname="TestNG_Flags.DependsonMethods4" name="Logout" time="0.002">
    <system-out>
      <![CDATA[Nishitha]]>
    </system-out>
  </testcase> <!-- Logout -->
  <testcase classname="TestNG_Flags.DependsonMethods4" name="Login1" time="0.009">
    <system-out>
      <![CDATA[Manaswini]]>
    </system-out>
  </testcase> <!-- Login1 -->
  <system-out>
    <![CDATA[Manaswini
Lalith Ram
Nishitha]]>
  </system-out>
</testsuite> <!-- TestNG_Flags.DependsonMethods4 -->
