<?xml version="1.0" encoding="UTF-8"?>
<!-- Generated by org.testng.reporters.JUnitReportReporter -->
<testsuite hostname="LAPTOP-OL3RVMA9" failures="0" tests="3" name="TestNG_Flags.DependsonMethods3" time="0.014" errors="0" timestamp="2023-12-30T13:39:22 IST" skipped="0">
  <testcase classname="TestNG_Flags.DependsonMethods3" name="Login1" time="0.011">
    <system-out>
      <![CDATA[Prasanna]]>
    </system-out>
  </testcase> <!-- Login1 -->
  <testcase classname="TestNG_Flags.DependsonMethods3" name="Login2" time="0.001">
    <system-out>
      <![CDATA[Manaswini]]>
    </system-out>
  </testcase> <!-- Login2 -->
  <testcase classname="TestNG_Flags.DependsonMethods3" name="Logout" time="0.002">
    <system-out>
      <![CDATA[Nitya]]>
    </system-out>
  </testcase> <!-- Logout -->
  <system-out>
    <![CDATA[Prasanna
Manaswini
Nitya]]>
  </system-out>
</testsuite> <!-- TestNG_Flags.DependsonMethods3 -->
