<?xml version="1.0" encoding="UTF-8"?>
<!-- Generated by org.testng.reporters.JUnitReportReporter -->
<testsuite hostname="LAPTOP-OL3RVMA9" failures="0" tests="10" name="TestNG_Flags.Invocation_Count" time="0.044" errors="0" timestamp="2023-12-22T09:20:32 IST" skipped="0">
  <testcase classname="TestNG_Flags.Invocation_Count" name="Count" time="0.002">
    <system-out>
      <![CDATA[Prasanna]]>
    </system-out>
  </testcase> <!-- Count -->
  <testcase classname="TestNG_Flags.Invocation_Count" name="Count" time="0.015">
    <system-out>
      <![CDATA[Prasanna]]>
    </system-out>
  </testcase> <!-- Count -->
  <testcase classname="TestNG_Flags.Invocation_Count" name="Count" time="0.011">
    <system-out>
      <![CDATA[Prasanna]]>
    </system-out>
  </testcase> <!-- Count -->
  <testcase classname="TestNG_Flags.Invocation_Count" name="Count" time="0.003">
    <system-out>
      <![CDATA[Prasanna]]>
    </system-out>
  </testcase> <!-- Count -->
  <testcase classname="TestNG_Flags.Invocation_Count" name="Count" time="0.002">
    <system-out>
      <![CDATA[Prasanna]]>
    </system-out>
  </testcase> <!-- Count -->
  <testcase classname="TestNG_Flags.Invocation_Count" name="Count" time="0.002">
    <system-out>
      <![CDATA[Prasanna]]>
    </system-out>
  </testcase> <!-- Count -->
  <testcase classname="TestNG_Flags.Invocation_Count" name="Count" time="0.003">
    <system-out>
      <![CDATA[Prasanna]]>
    </system-out>
  </testcase> <!-- Count -->
  <testcase classname="TestNG_Flags.Invocation_Count" name="Count" time="0.003">
    <system-out>
      <![CDATA[Prasanna]]>
    </system-out>
  </testcase> <!-- Count -->
  <testcase classname="TestNG_Flags.Invocation_Count" name="Count" time="0.002">
    <system-out>
      <![CDATA[Prasanna]]>
    </system-out>
  </testcase> <!-- Count -->
  <testcase classname="TestNG_Flags.Invocation_Count" name="Count" time="0.001">
    <system-out>
      <![CDATA[Prasanna]]>
    </system-out>
  </testcase> <!-- Count -->
  <system-out>
    <![CDATA[Prasanna
Prasanna
Prasanna
Prasanna
Prasanna
Prasanna
Prasanna
Prasanna
Prasanna
Prasanna]]>
  </system-out>
</testsuite> <!-- TestNG_Flags.Invocation_Count -->
