<?xml version="1.0" encoding="UTF-8"?>
<!-- Generated by org.testng.reporters.JUnitReportReporter -->
<testsuite hostname="LAPTOP-OL3RVMA9" failures="0" tests="1" name="Parallel_Execution.Sample1" time="9.187" errors="0" timestamp="2024-01-02T09:52:04 IST" skipped="0">
  <testcase classname="Parallel_Execution.Sample1" name="Test1" time="9.187"/>
</testsuite> <!-- Parallel_Execution.Sample1 -->
