<?xml version="1.0" encoding="UTF-8"?>
<!-- Generated by org.testng.reporters.JUnitReportReporter -->
<testsuite hostname="LAPTOP-OL3RVMA9" failures="0" tests="9" name="TestNG_Flags.Priority2" time="0.018" errors="0" timestamp="2023-12-30T14:17:05 IST" skipped="0">
  <testcase classname="TestNG_Flags.Priority2" name="tc5" time="0.010">
    <system-out>
      <![CDATA[Nishitha]]>
    </system-out>
  </testcase> <!-- tc5 -->
  <testcase classname="TestNG_Flags.Priority2" name="tc2" time="0.001">
    <system-out>
      <![CDATA[Manaswini]]>
    </system-out>
  </testcase> <!-- tc2 -->
  <testcase classname="TestNG_Flags.Priority2" name="tc4" time="0.001">
    <system-out>
      <![CDATA[Lalith ram]]>
    </system-out>
  </testcase> <!-- tc4 -->
  <testcase classname="TestNG_Flags.Priority2" name="tc3" time="0.001">
    <system-out>
      <![CDATA[Nitya]]>
    </system-out>
  </testcase> <!-- tc3 -->
  <testcase classname="TestNG_Flags.Priority2" name="tc1" time="0.001">
    <system-out>
      <![CDATA[Prasanna]]>
    </system-out>
  </testcase> <!-- tc1 -->
  <testcase classname="TestNG_Flags.Priority2" name="tc8" time="0.002">
    <system-out>
      <![CDATA[malli]]>
    </system-out>
  </testcase> <!-- tc8 -->
  <testcase classname="TestNG_Flags.Priority2" name="tc6" time="0.000">
    <system-out>
      <![CDATA[Srinadh]]>
    </system-out>
  </testcase> <!-- tc6 -->
  <testcase classname="TestNG_Flags.Priority2" name="tc7" time="0.001">
    <system-out>
      <![CDATA[madhu]]>
    </system-out>
  </testcase> <!-- tc7 -->
  <testcase classname="TestNG_Flags.Priority2" name="tc9" time="0.001">
    <system-out>
      <![CDATA[mahendra]]>
    </system-out>
  </testcase> <!-- tc9 -->
  <system-out>
    <![CDATA[Nishitha
Manaswini
Lalith ram
Nitya
Prasanna
malli
Srinadh
madhu
mahendra]]>
  </system-out>
</testsuite> <!-- TestNG_Flags.Priority2 -->
