<?xml version="1.0" encoding="UTF-8"?>
<!-- Generated by org.testng.reporters.JUnitReportReporter -->
<testsuite hostname="LAPTOP-OL3RVMA9" failures="0" tests="10" name="TestNG_Flags.Invocation_Count2" time="0.019" errors="0" timestamp="2023-12-30T12:08:50 IST" skipped="0">
  <testcase classname="TestNG_Flags.Invocation_Count2" name="Test" time="0.001">
    <system-out>
      <![CDATA[Manaswi]]>
    </system-out>
  </testcase> <!-- Test -->
  <testcase classname="TestNG_Flags.Invocation_Count2" name="Test" time="0.001">
    <system-out>
      <![CDATA[Manaswi]]>
    </system-out>
  </testcase> <!-- Test -->
  <testcase classname="TestNG_Flags.Invocation_Count2" name="Test" time="0.002">
    <system-out>
      <![CDATA[Manaswi]]>
    </system-out>
  </testcase> <!-- Test -->
  <testcase classname="TestNG_Flags.Invocation_Count2" name="Test" time="0.001">
    <system-out>
      <![CDATA[Manaswi]]>
    </system-out>
  </testcase> <!-- Test -->
  <testcase classname="TestNG_Flags.Invocation_Count2" name="Test" time="0.001">
    <system-out>
      <![CDATA[Manaswi]]>
    </system-out>
  </testcase> <!-- Test -->
  <testcase classname="TestNG_Flags.Invocation_Count2" name="Test" time="0.001">
    <system-out>
      <![CDATA[Manaswi]]>
    </system-out>
  </testcase> <!-- Test -->
  <testcase classname="TestNG_Flags.Invocation_Count2" name="Test" time="0.008">
    <system-out>
      <![CDATA[Manaswi]]>
    </system-out>
  </testcase> <!-- Test -->
  <testcase classname="TestNG_Flags.Invocation_Count2" name="Test" time="0.001">
    <system-out>
      <![CDATA[Manaswi]]>
    </system-out>
  </testcase> <!-- Test -->
  <testcase classname="TestNG_Flags.Invocation_Count2" name="Test" time="0.002">
    <system-out>
      <![CDATA[Manaswi]]>
    </system-out>
  </testcase> <!-- Test -->
  <testcase classname="TestNG_Flags.Invocation_Count2" name="Test" time="0.001">
    <system-out>
      <![CDATA[Manaswi]]>
    </system-out>
  </testcase> <!-- Test -->
  <system-out>
    <![CDATA[Manaswi
Manaswi
Manaswi
Manaswi
Manaswi
Manaswi
Manaswi
Manaswi
Manaswi
Manaswi]]>
  </system-out>
</testsuite> <!-- TestNG_Flags.Invocation_Count2 -->
