<?xml version="1.0" encoding="UTF-8"?>
<!-- Generated by org.testng.reporters.JUnitReportReporter -->
<testsuite hostname="LAPTOP-OL3RVMA9" failures="0" tests="1" name="TestNG.TestNG" time="0.010" errors="0" timestamp="2023-12-20T09:49:55 IST" skipped="0">
  <testcase classname="TestNG.TestNG" name="Testcase1" time="0.010">
    <system-out>
      <![CDATA[Prasanna]]>
    </system-out>
  </testcase> <!-- Testcase1 -->
  <system-out>
    <![CDATA[Prasanna]]>
  </system-out>
</testsuite> <!-- TestNG.TestNG -->
