<?xml version="1.0" encoding="UTF-8"?>
<!-- Generated by org.testng.reporters.JUnitReportReporter -->
<testsuite hostname="LAPTOP-OL3RVMA9" failures="0" tests="2" name="TestNG_Flags.DependsonMethods2" time="0.009" errors="0" timestamp="2023-12-30T13:36:39 IST" skipped="0">
  <testcase classname="TestNG_Flags.DependsonMethods2" name="Logout" time="0.001">
    <system-out>
      <![CDATA[Running Logout]]>
    </system-out>
  </testcase> <!-- Logout -->
  <testcase classname="TestNG_Flags.DependsonMethods2" name="Login" time="0.008">
    <system-out>
      <![CDATA[Prasanna]]>
    </system-out>
  </testcase> <!-- Login -->
  <system-out>
    <![CDATA[Prasanna
Running Logout]]>
  </system-out>
</testsuite> <!-- TestNG_Flags.DependsonMethods2 -->
