<?xml version="1.0" encoding="UTF-8"?>
<!-- Generated by org.testng.reporters.JUnitReportReporter -->
<testsuite hostname="LAPTOP-OL3RVMA9" failures="0" tests="1" name="TestNG_Flags.Time_out" time="0.017" errors="0" timestamp="2023-12-22T10:36:29 IST" skipped="0">
  <testcase classname="TestNG_Flags.Time_out" name="Test1" time="0.017">
    <system-out>
      <![CDATA[Prasanna]]>
    </system-out>
  </testcase> <!-- Test1 -->
  <system-out>
    <![CDATA[Prasanna]]>
  </system-out>
</testsuite> <!-- TestNG_Flags.Time_out -->
