<?xml version="1.0" encoding="UTF-8"?>
<!-- Generated by org.testng.reporters.JUnitReportReporter -->
<testsuite hostname="LAPTOP-OL3RVMA9" failures="0" tests="1" name="TestNG.TestNG5" time="0.013" errors="0" timestamp="2023-12-31T13:49:34 IST" skipped="0">
  <testcase classname="TestNG.TestNG5" name="TC5" time="0.013">
    <system-out>
      <![CDATA[Lakshmi Prasanna]]>
    </system-out>
  </testcase> <!-- TC5 -->
  <system-out>
    <![CDATA[Lakshmi Prasanna]]>
  </system-out>
</testsuite> <!-- TestNG.TestNG5 -->
