<?xml version="1.0" encoding="UTF-8"?>
<!-- Generated by org.testng.reporters.JUnitReportReporter -->
<testsuite hostname="LAPTOP-OL3RVMA9" failures="0" tests="3" name="TestNG_Flags.DependsonMethods" time="0.012" errors="0" timestamp="2023-12-27T09:23:56 IST" skipped="0">
  <testcase classname="TestNG_Flags.DependsonMethods" name="Login1" time="0.009">
    <system-out>
      <![CDATA[Running Login1]]>
    </system-out>
  </testcase> <!-- Login1 -->
  <testcase classname="TestNG_Flags.DependsonMethods" name="Login2" time="0.002">
    <system-out>
      <![CDATA[Running Login2]]>
    </system-out>
  </testcase> <!-- Login2 -->
  <testcase classname="TestNG_Flags.DependsonMethods" name="Logout" time="0.001">
    <system-out>
      <![CDATA[Running Logout]]>
    </system-out>
  </testcase> <!-- Logout -->
  <system-out>
    <![CDATA[Running Login1
Running Login2
Running Logout]]>
  </system-out>
</testsuite> <!-- TestNG_Flags.DependsonMethods -->
