<?xml version="1.0" encoding="UTF-8"?>
<!-- Generated by org.testng.reporters.JUnitReportReporter -->
<testsuite hostname="LAPTOP-OL3RVMA9" failures="0" tests="1" name="TestNG_Flags.Time_Outs3" time="0.014" errors="0" timestamp="2023-12-30T14:33:05 IST" skipped="0">
  <testcase classname="TestNG_Flags.Time_Outs3" name="tc" time="0.014">
    <system-out>
      <![CDATA[Lalith]]>
    </system-out>
  </testcase> <!-- tc -->
  <system-out>
    <![CDATA[Lalith]]>
  </system-out>
</testsuite> <!-- TestNG_Flags.Time_Outs3 -->
