<?xml version="1.0" encoding="UTF-8"?>
<!-- Generated by org.testng.reporters.JUnitReportReporter -->
<testsuite hostname="LAPTOP-OL3RVMA9" failures="0" tests="2" name="Disable_TestCase.Sample" time="0.010" errors="0" timestamp="2024-01-04T09:59:38 IST" skipped="0">
  <testcase classname="Disable_TestCase.Sample" name="Test3" time="0.001">
    <system-out>
      <![CDATA[Heyy...]]>
    </system-out>
  </testcase> <!-- Test3 -->
  <testcase classname="Disable_TestCase.Sample" name="Test1" time="0.009">
    <system-out>
      <![CDATA[Hi....,Good Morning]]>
    </system-out>
  </testcase> <!-- Test1 -->
  <system-out>
    <![CDATA[Hi....,Good Morning
Heyy...]]>
  </system-out>
</testsuite> <!-- Disable_TestCase.Sample -->
