<?xml version="1.0" encoding="UTF-8"?>
<!-- Generated by org.testng.reporters.JUnitReportReporter -->
<testsuite hostname="LAPTOP-OL3RVMA9" failures="0" tests="2" name="TestNG_Flags.DependsonMethods1" time="0.015" errors="0" timestamp="2023-12-30T13:33:52 IST" skipped="0">
  <testcase classname="TestNG_Flags.DependsonMethods1" name="Logout" time="0.003">
    <system-out>
      <![CDATA[Running Logout]]>
    </system-out>
  </testcase> <!-- Logout -->
  <testcase classname="TestNG_Flags.DependsonMethods1" name="Login" time="0.012">
    <system-out>
      <![CDATA[Running Login]]>
    </system-out>
  </testcase> <!-- Login -->
  <system-out>
    <![CDATA[Running Login
Running Logout]]>
  </system-out>
</testsuite> <!-- TestNG_Flags.DependsonMethods1 -->
