<?xml version="1.0" encoding="UTF-8"?>
<!-- Generated by org.testng.reporters.JUnitReportReporter -->
<testsuite hostname="LAPTOP-OL3RVMA9" failures="0" tests="2" name="TestNG_Flags.Priority5" time="0.016" errors="0" timestamp="2023-12-30T14:23:23 IST" skipped="0">
  <testcase classname="TestNG_Flags.Priority5" name="Tc1" time="0.013">
    <system-out>
      <![CDATA[]]>
    </system-out>
  </testcase> <!-- Tc1 -->
  <testcase classname="TestNG_Flags.Priority5" name="tc2" time="0.003">
    <system-out>
      <![CDATA[]]>
    </system-out>
  </testcase> <!-- tc2 -->
  <system-out>
    <![CDATA[
]]>
  </system-out>
</testsuite> <!-- TestNG_Flags.Priority5 -->
