<?xml version="1.0" encoding="UTF-8"?>
<!-- Generated by org.testng.reporters.JUnitReportReporter -->
<testsuite hostname="LAPTOP-OL3RVMA9" failures="0" tests="6" name="TestNG_Flags.Priority" time="0.015" errors="0" timestamp="2023-12-22T09:47:12 IST" skipped="0">
  <testcase classname="TestNG_Flags.Priority" name="Test6" time="0.010">
    <system-out>
      <![CDATA[Huu...Huu...Huu...]]>
    </system-out>
  </testcase> <!-- Test6 -->
  <testcase classname="TestNG_Flags.Priority" name="Test5" time="0.001">
    <system-out>
      <![CDATA[Ha...Ha...Ha...]]>
    </system-out>
  </testcase> <!-- Test5 -->
  <testcase classname="TestNG_Flags.Priority" name="Test4" time="0.001">
    <system-out>
      <![CDATA[Hai.....]]>
    </system-out>
  </testcase> <!-- Test4 -->
  <testcase classname="TestNG_Flags.Priority" name="Test3" time="0.001">
    <system-out>
      <![CDATA[Hey...]]>
    </system-out>
  </testcase> <!-- Test3 -->
  <testcase classname="TestNG_Flags.Priority" name="Test2" time="0.001">
    <system-out>
      <![CDATA[Hello....]]>
    </system-out>
  </testcase> <!-- Test2 -->
  <testcase classname="TestNG_Flags.Priority" name="Test1" time="0.001">
    <system-out>
      <![CDATA[Hi....]]>
    </system-out>
  </testcase> <!-- Test1 -->
  <system-out>
    <![CDATA[Huu...Huu...Huu...
Ha...Ha...Ha...
Hai.....
Hey...
Hello....
Hi....]]>
  </system-out>
</testsuite> <!-- TestNG_Flags.Priority -->
