<?xml version="1.0" encoding="UTF-8"?>
<!-- Generated by org.testng.reporters.JUnitReportReporter -->
<testsuite hostname="LAPTOP-OL3RVMA9" failures="0" tests="2" name="TestNG_Flags.Priority4" time="0.013" errors="0" timestamp="2023-12-30T14:21:45 IST" skipped="0">
  <testcase classname="TestNG_Flags.Priority4" name="TC1" time="0.001">
    <system-out>
      <![CDATA[,,,,,]]>
    </system-out>
  </testcase> <!-- TC1 -->
  <testcase classname="TestNG_Flags.Priority4" name="TC" time="0.012">
    <system-out>
      <![CDATA[....]]>
    </system-out>
  </testcase> <!-- TC -->
  <system-out>
    <![CDATA[....
,,,,,]]>
  </system-out>
</testsuite> <!-- TestNG_Flags.Priority4 -->
